Performing C SOURCE FILE Test CMAKE_HAVE_LIBC_PTHREAD failed with the following output:
Change Dir: /home/agar/BitTorrent/build/CMakeFiles/CMakeTmp

Run Build Command(s):/usr/bin/make cmTC_2e5d0/fast && /usr/bin/make  -f CMakeFiles/cmTC_2e5d0.dir/build.make CMakeFiles/cmTC_2e5d0.dir/build
make[1] : on entre dans le répertoire « /home/agar/BitTorrent/build/CMakeFiles/CMakeTmp »
Building C object CMakeFiles/cmTC_2e5d0.dir/src.c.o
/usr/bin/cc   -DCMAKE_HAVE_LIBC_PTHREAD   -o CMakeFiles/cmTC_2e5d0.dir/src.c.o   -c /home/agar/BitTorrent/build/CMakeFiles/CMakeTmp/src.c
Linking C executable cmTC_2e5d0
/usr/bin/cmake -E cmake_link_script CMakeFiles/cmTC_2e5d0.dir/link.txt --verbose=1
/usr/bin/cc  -DCMAKE_HAVE_LIBC_PTHREAD    CMakeFiles/cmTC_2e5d0.dir/src.c.o  -o cmTC_2e5d0 
/usr/bin/ld : CMakeFiles/cmTC_2e5d0.dir/src.c.o : dans la fonction « main » :
src.c:(.text+0x3e) : référence indéfinie vers « pthread_create »
/usr/bin/ld : src.c:(.text+0x4a) : référence indéfinie vers « pthread_detach »
/usr/bin/ld : src.c:(.text+0x56) : référence indéfinie vers « pthread_cancel »
/usr/bin/ld : src.c:(.text+0x67) : référence indéfinie vers « pthread_join »
collect2: erreur: ld a retourné le statut de sortie 1
make[1]: *** [CMakeFiles/cmTC_2e5d0.dir/build.make:107 : cmTC_2e5d0] Erreur 1
make[1] : on quitte le répertoire « /home/agar/BitTorrent/build/CMakeFiles/CMakeTmp »
make: *** [Makefile:141 : cmTC_2e5d0/fast] Erreur 2


Source file was:
#include <pthread.h>

void* test_func(void* data)
{
  return data;
}

int main(void)
{
  pthread_t thread;
  pthread_create(&thread, NULL, test_func, NULL);
  pthread_detach(thread);
  pthread_cancel(thread);
  pthread_join(thread, NULL);
  pthread_atfork(NULL, NULL, NULL);
  pthread_exit(NULL);

  return 0;
}

Determining if the function pthread_create exists in the pthreads failed with the following output:
Change Dir: /home/agar/BitTorrent/build/CMakeFiles/CMakeTmp

Run Build Command(s):/usr/bin/make cmTC_9ed37/fast && /usr/bin/make  -f CMakeFiles/cmTC_9ed37.dir/build.make CMakeFiles/cmTC_9ed37.dir/build
make[1] : on entre dans le répertoire « /home/agar/BitTorrent/build/CMakeFiles/CMakeTmp »
Building C object CMakeFiles/cmTC_9ed37.dir/CheckFunctionExists.c.o
/usr/bin/cc   -DCHECK_FUNCTION_EXISTS=pthread_create   -o CMakeFiles/cmTC_9ed37.dir/CheckFunctionExists.c.o   -c /usr/share/cmake-3.17/Modules/CheckFunctionExists.c
Linking C executable cmTC_9ed37
/usr/bin/cmake -E cmake_link_script CMakeFiles/cmTC_9ed37.dir/link.txt --verbose=1
/usr/bin/cc  -DCHECK_FUNCTION_EXISTS=pthread_create    CMakeFiles/cmTC_9ed37.dir/CheckFunctionExists.c.o  -o cmTC_9ed37  -lpthreads 
/usr/bin/ld : ne peut trouver -lpthreads
collect2: erreur: ld a retourné le statut de sortie 1
make[1]: *** [CMakeFiles/cmTC_9ed37.dir/build.make:107 : cmTC_9ed37] Erreur 1
make[1] : on quitte le répertoire « /home/agar/BitTorrent/build/CMakeFiles/CMakeTmp »
make: *** [Makefile:141 : cmTC_9ed37/fast] Erreur 2



